<?xml version="1.0" encoding="UTF-8"?>
<!-- Generated by org.testng.reporters.JUnitReportReporter -->
<testsuite skipped="0" hostname="Mds-MBP-3.home" name="TestHome.TestHomePage" tests="1" failures="0" timestamp="09 Oct 2018 05:20:18 GMT" time="8.753" errors="0">
  <testcase name="test1" time="8.753" classname="TestHome.TestHomePage"/>
</testsuite> <!-- TestHome.TestHomePage -->
