<?xml version="1.0" encoding="UTF-8"?>
<!-- Generated by org.testng.reporters.JUnitReportReporter -->
<testsuite skipped="0" hostname="Mds-MBP-3.home" name="TestHome.TestHomePage" tests="2" failures="0" timestamp="14 Oct 2018 02:42:01 GMT" time="9.769" errors="0">
  <testcase name="search" time="6.904" classname="TestHome.TestHomePage"/>
  <testcase name="test1" time="2.865" classname="TestHome.TestHomePage"/>
</testsuite> <!-- TestHome.TestHomePage -->
