<?xml version="1.0" encoding="UTF-8"?>
<!-- Generated by org.testng.reporters.JUnitReportReporter -->
<testsuite skipped="0" hostname="Mds-MBP-3.home" name="TestHome.TestHomePage" tests="2" failures="0" timestamp="09 Oct 2018 06:04:10 GMT" time="9.075" errors="0">
  <testcase name="search" time="6.193" classname="TestHome.TestHomePage"/>
  <testcase name="test1" time="2.882" classname="TestHome.TestHomePage"/>
</testsuite> <!-- TestHome.TestHomePage -->
