<?xml version="1.0" encoding="UTF-8"?>
<!-- Generated by org.testng.reporters.JUnitReportReporter -->
<testsuite skipped="0" hostname="Mds-MBP-3.home" name="TestTableDataRead.TableDataReadTest" tests="1" failures="0" timestamp="14 Oct 2018 02:42:14 GMT" time="11.689" errors="0">
  <testcase name="tableRead" time="11.689" classname="TestTableDataRead.TableDataReadTest"/>
</testsuite> <!-- TestTableDataRead.TableDataReadTest -->
